number,value,datetime_start,datetime_complete,duration,params_bootstrap,params_max_depth,params_min_samples_leaf,params_min_samples_split,params_n_estimators,state
525,332.8935894145399,2024-04-04 23:22:10.369308,2024-04-04 23:26:56.377552,0 days 00:04:46.008244,True,33,2,2,331,COMPLETE
526,332.8014750545798,2024-04-04 23:22:25.450366,2024-04-04 23:27:16.602871,0 days 00:04:51.152505,True,33,2,2,337,COMPLETE
527,333.1099835340405,2024-04-04 23:22:28.815886,2024-04-04 23:27:13.611016,0 days 00:04:44.795130,True,33,2,2,338,COMPLETE
528,333.00641788102433,2024-04-04 23:23:06.120857,2024-04-04 23:28:07.607501,0 days 00:05:01.486644,True,33,2,2,337,COMPLETE
529,332.9762665842576,2024-04-04 23:23:08.182298,2024-04-04 23:27:57.591646,0 days 00:04:49.409348,True,32,2,2,337,COMPLETE
530,333.66674615008526,2024-04-04 23:23:25.821404,2024-04-04 23:28:01.271745,0 days 00:04:35.450341,True,33,3,2,338,COMPLETE
531,333.34063247299815,2024-04-04 23:23:49.160592,2024-04-04 23:28:40.311131,0 days 00:04:51.150539,True,32,2,2,338,COMPLETE
532,332.72214218931276,2024-04-04 23:24:02.419887,2024-04-04 23:28:53.128953,0 days 00:04:50.709066,True,32,2,2,338,COMPLETE
533,332.61731774738234,2024-04-04 23:25:05.377933,2024-04-04 23:30:02.233844,0 days 00:04:56.855911,True,32,2,2,338,COMPLETE
534,333.4667877662102,2024-04-04 23:25:23.023943,2024-04-04 23:30:16.236424,0 days 00:04:53.212481,True,32,2,2,343,COMPLETE
535,333.39014959242724,2024-04-04 23:26:02.019184,2024-04-04 23:31:00.453230,0 days 00:04:58.434046,True,32,2,2,342,COMPLETE
536,333.65889885867693,2024-04-04 23:26:18.861804,2024-04-04 23:31:09.037528,0 days 00:04:50.175724,True,33,2,2,337,COMPLETE
537,333.7192718709247,2024-04-04 23:26:56.382061,2024-04-04 23:31:50.039797,0 days 00:04:53.657736,True,33,2,2,336,COMPLETE
538,334.0176699190442,2024-04-04 23:27:13.614014,2024-04-04 23:30:38.040747,0 days 00:03:24.426733,True,32,3,2,260,COMPLETE
539,332.56939789582464,2024-04-04 23:27:16.606387,2024-04-04 23:31:59.975657,0 days 00:04:43.369270,True,32,2,2,324,COMPLETE
540,332.9425943825627,2024-04-04 23:27:57.596159,2024-04-04 23:32:40.420840,0 days 00:04:42.824681,True,32,2,2,329,COMPLETE
541,333.1143742043074,2024-04-04 23:28:01.276256,2024-04-04 23:32:45.180124,0 days 00:04:43.903868,True,32,2,2,324,COMPLETE
542,333.1767834684864,2024-04-04 23:28:07.611503,2024-04-04 23:32:48.161852,0 days 00:04:40.550349,True,32,2,2,324,COMPLETE
543,332.74882417782817,2024-04-04 23:28:40.314131,2024-04-04 23:33:23.166857,0 days 00:04:42.852726,True,32,2,2,325,COMPLETE
544,333.68821005889754,2024-04-04 23:28:53.154498,2024-04-04 23:33:36.586038,0 days 00:04:43.431540,True,32,2,2,324,COMPLETE
545,332.9350788775132,2024-04-04 23:30:02.239841,2024-04-04 23:33:14.252608,0 days 00:03:12.012767,True,32,2,2,214,COMPLETE
546,333.2535945185882,2024-04-04 23:30:16.240940,2024-04-04 23:35:05.772488,0 days 00:04:49.531548,True,32,2,2,325,COMPLETE
547,333.518371718861,2024-04-04 23:30:38.044255,2024-04-04 23:35:12.326598,0 days 00:04:34.282343,True,22,2,2,325,COMPLETE
548,332.18340018946407,2024-04-04 23:31:00.460234,2024-04-04 23:34:31.194630,0 days 00:03:30.734396,True,33,2,2,243,COMPLETE
549,332.792742289449,2024-04-04 23:31:09.042040,2024-04-04 23:35:46.144392,0 days 00:04:37.102352,True,31,2,2,326,COMPLETE
550,333.2111662416606,2024-04-04 23:31:50.042303,2024-04-04 23:36:21.394362,0 days 00:04:31.352059,True,22,2,2,325,COMPLETE
551,333.2443636472594,2024-04-04 23:31:59.978663,2024-04-04 23:36:43.687679,0 days 00:04:43.709016,True,31,2,2,325,COMPLETE
552,332.5943087609789,2024-04-04 23:32:40.427847,2024-04-04 23:37:29.256621,0 days 00:04:48.828774,True,31,2,2,333,COMPLETE
553,333.29442671386306,2024-04-04 23:32:45.187130,2024-04-04 23:37:40.705587,0 days 00:04:55.518457,True,31,2,2,333,COMPLETE
554,333.5196085239266,2024-04-04 23:32:48.166358,2024-04-04 23:37:34.320896,0 days 00:04:46.154538,True,31,2,2,333,COMPLETE
555,333.30036589796515,2024-04-04 23:33:14.257619,2024-04-04 23:38:06.018926,0 days 00:04:51.761307,True,31,2,2,334,COMPLETE
556,333.0511335393231,2024-04-04 23:33:23.170858,2024-04-04 23:38:13.643969,0 days 00:04:50.473111,True,31,2,2,333,COMPLETE
557,333.10899863178554,2024-04-04 23:33:36.592077,2024-04-04 23:38:17.384158,0 days 00:04:40.792081,True,22,2,2,333,COMPLETE
558,333.22575724481226,2024-04-04 23:34:31.198642,2024-04-04 23:37:59.569064,0 days 00:03:28.370422,True,31,2,2,241,COMPLETE
559,333.62606857359026,2024-04-04 23:35:05.779007,2024-04-04 23:38:34.760759,0 days 00:03:28.981752,True,31,2,2,234,COMPLETE
560,333.46076678551003,2024-04-04 23:35:12.332110,2024-04-04 23:38:56.311266,0 days 00:03:43.979156,True,31,2,2,245,COMPLETE
561,333.0712541284514,2024-04-04 23:35:46.152971,2024-04-04 23:39:40.259063,0 days 00:03:54.106092,True,28,2,2,263,COMPLETE
562,333.388022560433,2024-04-04 23:36:21.397371,2024-04-04 23:39:54.923474,0 days 00:03:33.526103,True,20,2,2,245,COMPLETE
563,333.2665531222515,2024-04-04 23:36:43.704761,2024-04-04 23:39:51.672938,0 days 00:03:07.968177,True,28,2,2,208,COMPLETE
564,332.7950980717806,2024-04-04 23:37:29.259627,2024-04-04 23:40:47.779834,0 days 00:03:18.520207,True,28,2,2,225,COMPLETE
565,332.9652722803163,2024-04-04 23:37:34.324400,2024-04-04 23:41:10.941672,0 days 00:03:36.617272,True,31,2,2,245,COMPLETE
566,332.94046629436883,2024-04-04 23:37:40.708096,2024-04-04 23:41:15.371394,0 days 00:03:34.663298,True,28,2,2,244,COMPLETE
567,333.491805525816,2024-04-04 23:37:59.572063,2024-04-04 23:41:19.464848,0 days 00:03:19.892785,True,28,2,2,225,COMPLETE
568,332.92729333514717,2024-04-04 23:38:06.021925,2024-04-04 23:43:05.176744,0 days 00:04:59.154819,True,28,2,2,341,COMPLETE
569,333.74616728625733,2024-04-04 23:38:13.648478,2024-04-04 23:41:40.217024,0 days 00:03:26.568546,True,28,2,2,233,COMPLETE
570,333.3584060086358,2024-04-04 23:38:17.387169,2024-04-04 23:41:45.188255,0 days 00:03:27.801086,True,28,2,2,236,COMPLETE
571,333.1058761311998,2024-04-04 23:38:34.765278,2024-04-04 23:42:43.727536,0 days 00:04:08.962258,True,28,2,2,288,COMPLETE
572,333.79621562072816,2024-04-04 23:38:56.314263,2024-04-04 23:41:56.526885,0 days 00:03:00.212622,True,28,2,2,209,COMPLETE
573,332.67944386326315,2024-04-04 23:39:40.262063,2024-04-04 23:43:24.833886,0 days 00:03:44.571823,True,30,2,2,248,COMPLETE
574,333.3428407589611,2024-04-04 23:39:51.677454,2024-04-04 23:42:57.150742,0 days 00:03:05.473288,True,30,2,2,211,COMPLETE
575,333.99688042510445,2024-04-04 23:39:54.926986,2024-04-04 23:43:20.990905,0 days 00:03:26.063919,True,30,2,2,228,COMPLETE
576,332.79920480536884,2024-04-04 23:40:47.784913,2024-04-04 23:44:04.357215,0 days 00:03:16.572302,True,30,2,2,217,COMPLETE
577,333.01176592927084,2024-04-04 23:41:10.948677,2024-04-04 23:46:10.600391,0 days 00:04:59.651714,True,30,2,2,347,COMPLETE
578,334.1319466455253,2024-04-04 23:41:15.377906,2024-04-04 23:44:20.923107,0 days 00:03:05.545201,True,23,2,2,215,COMPLETE
579,332.99664432720886,2024-04-04 23:41:19.468353,2024-04-04 23:44:43.709092,0 days 00:03:24.240739,True,30,2,2,230,COMPLETE
580,333.0942664372128,2024-04-04 23:41:40.221535,2024-04-04 23:45:00.029825,0 days 00:03:19.808290,True,30,2,2,229,COMPLETE
581,332.85666441300907,2024-04-04 23:41:45.197762,2024-04-04 23:46:36.935934,0 days 00:04:51.738172,True,30,2,2,329,COMPLETE
582,333.4365795518448,2024-04-04 23:41:56.531393,2024-04-04 23:46:58.088670,0 days 00:05:01.557277,True,30,2,2,341,COMPLETE
583,332.98427539334136,2024-04-04 23:42:43.730536,2024-04-04 23:47:39.007940,0 days 00:04:55.277404,True,30,2,2,341,COMPLETE
584,333.6249193835218,2024-04-04 23:42:57.154741,2024-04-04 23:46:18.852350,0 days 00:03:21.697609,True,33,2,3,229,COMPLETE
585,333.77022977947007,2024-04-04 23:43:05.182256,2024-04-04 23:46:27.079450,0 days 00:03:21.897194,True,30,2,2,229,COMPLETE
586,333.35596011570897,2024-04-04 23:43:20.994905,2024-04-04 23:47:09.178578,0 days 00:03:48.183673,True,35,2,3,254,COMPLETE
587,332.66451211044347,2024-04-04 23:43:24.837885,2024-04-04 23:46:35.284585,0 days 00:03:10.446700,True,33,2,3,218,COMPLETE
588,332.7800234352852,2024-04-04 23:44:04.368237,2024-04-04 23:49:04.849851,0 days 00:05:00.481614,True,33,2,2,342,COMPLETE
589,333.78720739081007,2024-04-04 23:44:20.926109,2024-04-04 23:47:57.477441,0 days 00:03:36.551332,True,33,2,3,255,COMPLETE
590,333.62584985163363,2024-04-04 23:44:43.712092,2024-04-04 23:49:41.768444,0 days 00:04:58.056352,True,34,2,3,343,COMPLETE
591,333.64735928950466,2024-04-04 23:45:00.034420,2024-04-04 23:48:40.003236,0 days 00:03:39.968816,True,33,3,3,274,COMPLETE
592,333.2727164607926,2024-04-04 23:46:10.602391,2024-04-04 23:50:11.931394,0 days 00:04:01.329003,True,35,2,2,276,COMPLETE
593,332.2693716638305,2024-04-04 23:46:18.855860,2024-04-04 23:51:00.677256,0 days 00:04:41.821396,True,35,2,2,329,COMPLETE
594,333.3762285536218,2024-04-04 23:46:27.085448,2024-04-04 23:50:13.687364,0 days 00:03:46.601916,True,33,2,2,256,COMPLETE
595,333.0883835396951,2024-04-04 23:46:35.287530,2024-04-04 23:51:22.014809,0 days 00:04:46.727279,True,34,2,2,329,COMPLETE
596,332.992702202419,2024-04-04 23:46:36.942450,2024-04-04 23:51:26.630012,0 days 00:04:49.687562,True,29,2,2,342,COMPLETE
597,333.3197712225784,2024-04-04 23:46:58.091670,2024-04-04 23:50:50.954171,0 days 00:03:52.862501,True,34,2,2,270,COMPLETE
598,333.478958286062,2024-04-04 23:47:09.191110,2024-04-04 23:51:42.296706,0 days 00:04:33.105596,True,29,3,2,347,COMPLETE
599,334.07904723397576,2024-04-04 23:47:39.013939,2024-04-04 23:51:57.502192,0 days 00:04:18.488253,True,24,3,2,329,COMPLETE
600,333.4300363540818,2024-04-04 23:47:57.480439,2024-04-04 23:51:39.745550,0 days 00:03:42.265111,True,24,3,2,276,COMPLETE
601,333.0556256775074,2024-04-04 23:48:40.008754,2024-04-04 23:53:19.617536,0 days 00:04:39.608782,True,34,2,2,329,COMPLETE
602,332.89569752711174,2024-04-04 23:49:04.855362,2024-04-04 23:52:53.655946,0 days 00:03:48.800584,True,32,2,2,270,COMPLETE
603,332.9455792003961,2024-04-04 23:49:41.772442,2024-04-04 23:54:39.971021,0 days 00:04:58.198579,True,32,2,2,347,COMPLETE
604,332.9126995373887,2024-04-04 23:50:11.934908,2024-04-04 23:55:08.192154,0 days 00:04:56.257246,True,32,2,2,346,COMPLETE
605,333.45508949136723,2024-04-04 23:50:13.690876,2024-04-04 23:55:10.626953,0 days 00:04:56.936077,True,24,2,2,347,COMPLETE
606,332.6075585184821,2024-04-04 23:50:50.958133,2024-04-04 23:55:36.997306,0 days 00:04:46.039173,True,29,2,2,329,COMPLETE
607,332.80702591058,2024-04-04 23:51:00.682767,2024-04-04 23:55:41.713815,0 days 00:04:41.031048,True,29,2,2,328,COMPLETE
608,332.92019601228816,2024-04-04 23:51:22.017814,2024-04-04 23:56:24.317113,0 days 00:05:02.299299,True,24,2,2,347,COMPLETE
609,333.2966591964296,2024-04-04 23:51:26.635064,2024-04-04 23:56:29.670244,0 days 00:05:03.035180,True,36,2,2,348,COMPLETE
610,333.1170041225745,2024-04-04 23:51:39.750063,2024-04-04 23:56:45.755357,0 days 00:05:06.005294,True,35,2,2,348,COMPLETE
611,332.74821208192213,2024-04-04 23:51:42.300705,2024-04-04 23:55:59.974617,0 days 00:04:17.673912,True,35,2,2,300,COMPLETE
612,335.2327474480578,2024-04-04 23:51:57.505703,2024-04-04 23:56:12.305787,0 days 00:04:14.800084,True,32,5,2,346,COMPLETE
613,332.7799781326395,2024-04-04 23:52:53.659953,2024-04-04 23:57:49.950897,0 days 00:04:56.290944,True,35,2,2,347,COMPLETE
614,333.11922629936214,2024-04-04 23:53:19.622533,2024-04-04 23:58:18.500794,0 days 00:04:58.878261,True,32,2,2,347,COMPLETE
615,335.1520950595106,2024-04-04 23:54:39.976041,2024-04-04 23:57:19.977140,0 days 00:02:40.001099,True,36,5,2,222,COMPLETE
616,333.98609708273017,2024-04-04 23:55:08.196674,2024-04-05 00:00:09.029796,0 days 00:05:00.833122,True,36,2,2,346,COMPLETE
617,333.0715532547529,2024-04-04 23:55:10.632465,2024-04-05 00:00:13.660328,0 days 00:05:03.027863,True,35,2,2,348,COMPLETE
618,333.27200912330625,2024-04-04 23:55:37.000305,2024-04-05 00:00:35.339964,0 days 00:04:58.339659,True,32,2,2,350,COMPLETE
619,333.11193898696297,2024-04-04 23:55:41.715814,2024-04-04 23:59:59.440417,0 days 00:04:17.724603,True,37,2,2,299,COMPLETE
620,333.00644503594833,2024-04-04 23:55:59.981632,2024-04-05 00:00:53.202599,0 days 00:04:53.220967,True,36,2,2,350,COMPLETE
621,333.22531248831325,2024-04-04 23:56:12.309726,2024-04-05 00:01:13.828159,0 days 00:05:01.518433,True,27,2,2,348,COMPLETE
622,332.9641202774104,2024-04-04 23:56:24.321122,2024-04-05 00:01:10.282975,0 days 00:04:45.961853,True,32,2,2,335,COMPLETE
623,333.54108602435997,2024-04-04 23:56:29.674249,2024-04-05 00:01:38.905860,0 days 00:05:09.231611,True,27,2,2,350,COMPLETE
624,332.8352838233883,2024-04-04 23:56:45.762358,2024-04-05 00:01:44.990361,0 days 00:04:59.228003,True,36,2,2,342,COMPLETE
625,333.05768216160834,2024-04-04 23:57:19.979139,2024-04-05 00:02:16.436599,0 days 00:04:56.457460,True,32,2,4,343,COMPLETE
626,333.00262611385335,2024-04-04 23:57:49.955414,2024-04-05 00:01:29.172863,0 days 00:03:39.217449,True,36,2,2,251,COMPLETE
627,333.11023701743636,2024-04-04 23:58:18.505390,2024-04-05 00:03:11.229138,0 days 00:04:52.723748,True,27,2,2,343,COMPLETE
628,332.4887535102953,2024-04-04 23:59:59.444934,2024-04-05 00:04:56.132258,0 days 00:04:56.687324,True,32,2,2,341,COMPLETE
629,333.3659992191846,2024-04-05 00:00:09.057863,2024-04-05 00:05:09.519114,0 days 00:05:00.461251,True,27,2,2,343,COMPLETE
630,333.1758910869986,2024-04-05 00:00:13.667840,2024-04-05 00:05:04.170789,0 days 00:04:50.502949,True,37,2,2,335,COMPLETE
631,333.63606464813864,2024-04-05 00:00:35.343964,2024-04-05 00:04:21.396993,0 days 00:03:46.053029,True,25,2,2,266,COMPLETE
632,333.0839295588704,2024-04-05 00:00:53.207115,2024-04-05 00:05:17.882552,0 days 00:04:24.675437,True,31,2,2,310,COMPLETE
633,332.2645965862289,2024-04-05 00:01:10.286491,2024-04-05 00:06:03.964838,0 days 00:04:53.678347,True,37,2,2,340,COMPLETE
634,333.3670229293674,2024-04-05 00:01:13.831672,2024-04-05 00:05:40.240618,0 days 00:04:26.408946,True,40,2,2,311,COMPLETE
635,333.00656856615996,2024-04-05 00:01:29.175865,2024-04-05 00:06:26.280532,0 days 00:04:57.104667,True,31,2,4,342,COMPLETE
636,332.71324795452347,2024-04-05 00:01:38.913881,2024-04-05 00:06:25.913150,0 days 00:04:46.999269,True,25,2,2,342,COMPLETE
637,333.38408373263803,2024-04-05 00:01:44.994364,2024-04-05 00:06:37.891069,0 days 00:04:52.896705,True,31,2,2,343,COMPLETE
638,332.9373303457897,2024-04-05 00:02:16.438608,2024-04-05 00:06:39.636811,0 days 00:04:23.198203,True,25,2,2,310,COMPLETE
639,332.4186657124326,2024-04-05 00:03:11.234655,2024-04-05 00:07:47.821088,0 days 00:04:36.586433,True,25,2,2,315,COMPLETE
640,333.07950753572425,2024-04-05 00:04:21.402994,2024-04-05 00:08:51.594600,0 days 00:04:30.191606,True,31,2,2,310,COMPLETE
641,332.51307025601284,2024-04-05 00:04:56.135321,2024-04-05 00:09:25.169531,0 days 00:04:29.034210,True,39,2,2,312,COMPLETE
642,332.9304370336034,2024-04-05 00:05:04.173791,2024-04-05 00:09:36.556979,0 days 00:04:32.383188,True,31,2,2,313,COMPLETE
643,333.2264231861512,2024-04-05 00:05:09.522625,2024-04-05 00:09:39.304750,0 days 00:04:29.782125,True,31,2,2,311,COMPLETE
644,332.7566797473599,2024-04-05 00:05:17.886058,2024-04-05 00:09:47.117777,0 days 00:04:29.231719,True,31,2,2,315,COMPLETE
645,333.778944333662,2024-04-05 00:05:40.255135,2024-04-05 00:10:19.533601,0 days 00:04:39.278466,True,29,2,2,331,COMPLETE
646,332.6394810248813,2024-04-05 00:06:03.969837,2024-04-05 00:10:38.986024,0 days 00:04:35.016187,True,31,2,2,316,COMPLETE
647,332.8994005801168,2024-04-05 00:06:25.915654,2024-04-05 00:11:23.566109,0 days 00:04:57.650455,True,38,2,2,339,COMPLETE
648,333.15029110618195,2024-04-05 00:06:26.284533,2024-04-05 00:11:14.932553,0 days 00:04:48.648020,True,38,2,2,339,COMPLETE
649,332.6219657158936,2024-04-05 00:06:37.896575,2024-04-05 00:11:31.030580,0 days 00:04:53.134005,True,37,2,2,339,COMPLETE
650,333.42524439942235,2024-04-05 00:06:39.641321,2024-04-05 00:11:31.451297,0 days 00:04:51.809976,True,31,2,6,339,COMPLETE
651,333.17899760986984,2024-04-05 00:07:47.824095,2024-04-05 00:12:42.872926,0 days 00:04:55.048831,True,38,2,2,338,COMPLETE
652,334.23085218334353,2024-04-05 00:08:51.598045,2024-04-05 00:13:02.201865,0 days 00:04:10.603820,True,38,4,2,337,COMPLETE
653,333.40322982978086,2024-04-05 00:09:25.175039,2024-04-05 00:14:18.556009,0 days 00:04:53.380970,True,40,2,2,339,COMPLETE
654,333.2524237283516,2024-04-05 00:09:36.560979,2024-04-05 00:14:24.425649,0 days 00:04:47.864670,True,21,2,2,340,COMPLETE
655,332.0417917690888,2024-04-05 00:09:39.312267,2024-04-05 00:14:32.375803,0 days 00:04:53.063536,True,38,2,2,339,COMPLETE
656,333.05976526629684,2024-04-05 00:09:47.120785,2024-04-05 00:14:27.233536,0 days 00:04:40.112751,True,37,2,6,339,COMPLETE
657,333.028974999157,2024-04-05 00:10:19.538114,2024-04-05 00:15:15.733550,0 days 00:04:56.195436,True,32,2,2,339,COMPLETE
658,333.3451880431374,2024-04-05 00:10:38.989537,2024-04-05 00:15:29.547200,0 days 00:04:50.557663,True,32,2,2,339,COMPLETE
659,332.9501109518333,2024-04-05 00:11:14.937067,2024-04-05 00:16:13.405462,0 days 00:04:58.468395,True,38,2,2,339,COMPLETE
660,333.28679294534174,2024-04-05 00:11:23.572107,2024-04-05 00:17:00.240275,0 days 00:05:36.668168,True,37,1,2,339,COMPLETE
661,334.1272289300794,2024-04-05 00:11:31.034648,2024-04-05 00:15:48.571905,0 days 00:04:17.537257,True,40,4,2,336,COMPLETE
662,333.39964415265104,2024-04-05 00:11:31.454810,2024-04-05 00:17:17.026189,0 days 00:05:45.571379,True,37,1,2,344,COMPLETE
663,333.1055740838684,2024-04-05 00:12:42.876437,2024-04-05 00:17:40.004915,0 days 00:04:57.128478,True,32,2,2,345,COMPLETE
664,333.30148081944594,2024-04-05 00:13:02.204918,2024-04-05 00:18:00.629360,0 days 00:04:58.424442,True,32,2,2,345,COMPLETE
665,333.55139554188696,2024-04-05 00:14:18.560014,2024-04-05 00:18:52.193780,0 days 00:04:33.633766,True,34,2,2,320,COMPLETE
666,332.93383770087297,2024-04-05 00:14:24.430708,2024-04-05 00:19:04.537977,0 days 00:04:40.107269,True,39,2,2,321,COMPLETE
667,332.73323888102544,2024-04-05 00:14:27.237539,2024-04-05 00:19:21.151081,0 days 00:04:53.913542,True,34,2,2,344,COMPLETE
668,333.1143198047188,2024-04-05 00:14:32.392829,2024-04-05 00:19:36.482682,0 days 00:05:04.089853,True,39,2,2,344,COMPLETE
669,333.60598619247855,2024-04-05 00:15:15.738066,2024-04-05 00:20:16.626761,0 days 00:05:00.888695,True,37,2,2,344,COMPLETE
670,333.37416506196826,2024-04-05 00:15:29.555714,2024-04-05 00:21:13.002149,0 days 00:05:43.446435,True,37,1,2,343,COMPLETE
671,333.47241514921143,2024-04-05 00:15:48.575910,2024-04-05 00:21:31.490840,0 days 00:05:42.914930,True,38,1,2,345,COMPLETE
672,332.9345156864021,2024-04-05 00:16:13.412004,2024-04-05 00:21:09.036540,0 days 00:04:55.624536,True,37,2,2,344,COMPLETE
673,332.7435919418982,2024-04-05 00:17:00.245338,2024-04-05 00:22:02.022110,0 days 00:05:01.776772,True,37,2,2,343,COMPLETE
674,332.7431621513937,2024-04-05 00:17:17.035712,2024-04-05 00:22:12.900921,0 days 00:04:55.865209,True,33,2,2,343,COMPLETE
675,333.1316120214327,2024-04-05 00:17:40.009425,2024-04-05 00:22:37.622147,0 days 00:04:57.612722,True,37,2,2,344,COMPLETE
676,333.0779286001458,2024-04-05 00:18:00.651413,2024-04-05 00:22:37.401467,0 days 00:04:36.750054,True,39,2,2,320,COMPLETE
677,333.54339461366607,2024-04-05 00:18:52.198295,2024-04-05 00:24:01.330355,0 days 00:05:09.132060,True,38,2,2,350,COMPLETE
678,332.8031897281563,2024-04-05 00:19:04.540977,2024-04-05 00:24:10.589243,0 days 00:05:06.048266,True,39,2,2,343,COMPLETE
679,332.86985816271965,2024-04-05 00:19:21.155592,2024-04-05 00:24:28.515138,0 days 00:05:07.359546,True,33,2,2,350,COMPLETE
680,333.2616861155853,2024-04-05 00:19:36.486196,2024-04-05 00:23:56.872209,0 days 00:04:20.386013,True,33,2,2,306,COMPLETE
681,333.0112064931444,2024-04-05 00:20:16.631765,2024-04-05 00:25:15.575470,0 days 00:04:58.943705,True,38,2,2,342,COMPLETE
682,332.86849049530326,2024-04-05 00:21:09.039057,2024-04-05 00:26:00.214970,0 days 00:04:51.175913,True,33,2,2,335,COMPLETE
683,333.10299150663496,2024-04-05 00:21:13.006660,2024-04-05 00:25:40.380360,0 days 00:04:27.373700,True,33,2,2,305,COMPLETE
684,332.64764617466915,2024-04-05 00:21:31.495836,2024-04-05 00:26:40.292652,0 days 00:05:08.796816,True,33,2,2,350,COMPLETE
685,333.17565984044097,2024-04-05 00:22:02.025110,2024-04-05 00:26:16.910265,0 days 00:04:14.885155,True,33,2,2,296,COMPLETE
686,332.4709402394189,2024-04-05 00:22:12.904428,2024-04-05 00:27:25.520718,0 days 00:05:12.616290,True,36,2,2,350,COMPLETE
687,332.8895631219789,2024-04-05 00:22:37.405467,2024-04-05 00:27:40.092525,0 days 00:05:02.687058,True,39,2,2,350,COMPLETE
688,332.70926252136263,2024-04-05 00:22:37.625153,2024-04-05 00:27:40.960936,0 days 00:05:03.335783,True,33,2,2,350,COMPLETE
689,333.4857671300773,2024-04-05 00:23:56.875208,2024-04-05 00:29:00.819075,0 days 00:05:03.943867,True,38,2,2,350,COMPLETE
690,333.49419712658573,2024-04-05 00:24:01.334357,2024-04-05 00:28:56.408057,0 days 00:04:55.073700,True,39,2,2,335,COMPLETE
691,333.34663436166994,2024-04-05 00:24:10.598761,2024-04-05 00:29:06.197887,0 days 00:04:55.599126,True,35,2,2,335,COMPLETE
692,333.5988248175629,2024-04-05 00:24:28.523650,2024-04-05 00:27:53.350217,0 days 00:03:24.826567,True,35,2,2,239,COMPLETE
693,333.1355973519425,2024-04-05 00:25:15.581993,2024-04-05 00:30:08.781189,0 days 00:04:53.199196,True,35,2,2,335,COMPLETE
694,333.08855588637465,2024-04-05 00:25:40.383360,2024-04-05 00:30:13.923401,0 days 00:04:33.540041,True,35,2,3,317,COMPLETE
695,332.7628822096741,2024-04-05 00:26:00.220522,2024-04-05 00:29:28.110088,0 days 00:03:27.889566,True,32,2,2,241,COMPLETE
696,332.78202475152364,2024-04-05 00:26:16.913769,2024-04-05 00:30:23.431072,0 days 00:04:06.517303,True,32,2,2,285,COMPLETE
697,333.4088762250346,2024-04-05 00:26:40.296162,2024-04-05 00:29:40.666276,0 days 00:03:00.370114,True,32,2,2,206,COMPLETE
698,332.50582716168924,2024-04-05 00:27:25.524796,2024-04-05 00:32:25.989632,0 days 00:05:00.464836,True,32,2,2,347,COMPLETE
699,332.38661722852066,2024-04-05 00:27:40.095523,2024-04-05 00:32:19.998489,0 days 00:04:39.902966,True,32,2,2,327,COMPLETE
