number,value,datetime_start,datetime_complete,duration,params_bootstrap,params_max_depth,params_min_samples_leaf,params_min_samples_split,params_n_estimators,state
875,333.2242620349547,2024-04-05 01:35:06.726602,2024-04-05 01:39:52.751186,0 days 00:04:46.024584,True,35,2,2,334,COMPLETE
876,333.2327949060458,2024-04-05 01:35:12.810600,2024-04-05 01:39:51.599847,0 days 00:04:38.789247,True,35,2,2,325,COMPLETE
877,333.07137522881965,2024-04-05 01:35:28.357295,2024-04-05 01:40:11.720560,0 days 00:04:43.363265,True,32,2,2,329,COMPLETE
878,332.7690558865489,2024-04-05 01:35:49.154898,2024-04-05 01:40:26.213276,0 days 00:04:37.058378,True,29,2,2,325,COMPLETE
879,332.52052518620644,2024-04-05 01:36:00.246545,2024-04-05 01:40:42.652592,0 days 00:04:42.406047,True,29,2,2,329,COMPLETE
880,333.3764665228631,2024-04-05 01:36:37.113998,2024-04-05 01:41:16.861814,0 days 00:04:39.747816,True,29,2,2,325,COMPLETE
881,332.70188448645683,2024-04-05 01:36:49.834766,2024-04-05 01:41:26.010265,0 days 00:04:36.175499,True,29,2,4,325,COMPLETE
882,333.29517515958224,2024-04-05 01:38:12.615199,2024-04-05 01:42:48.650516,0 days 00:04:36.035317,True,29,2,2,325,COMPLETE
883,332.7607699959618,2024-04-05 01:38:29.288026,2024-04-05 01:43:06.763314,0 days 00:04:37.475288,True,29,2,4,325,COMPLETE
884,333.05285079901637,2024-04-05 01:38:35.161748,2024-04-05 01:43:17.046714,0 days 00:04:41.884966,True,29,2,2,325,COMPLETE
885,333.77339910367203,2024-04-05 01:39:42.564328,2024-04-05 01:44:27.878419,0 days 00:04:45.314091,True,35,2,2,324,COMPLETE
886,332.9737305482415,2024-04-05 01:39:50.471165,2024-04-05 01:44:31.215845,0 days 00:04:40.744680,True,35,2,2,325,COMPLETE
887,334.1329663707842,2024-04-05 01:39:51.605356,2024-04-05 01:43:03.987403,0 days 00:03:12.382047,True,32,2,2,224,COMPLETE
888,332.6443257502749,2024-04-05 01:39:52.754186,2024-04-05 01:44:32.732777,0 days 00:04:39.978591,True,32,2,4,325,COMPLETE
889,333.03797372691963,2024-04-05 01:40:11.723558,2024-04-05 01:45:00.412282,0 days 00:04:48.688724,True,32,2,4,325,COMPLETE
890,333.3061996364897,2024-04-05 01:40:26.217284,2024-04-05 01:45:17.193666,0 days 00:04:50.976382,True,32,2,2,325,COMPLETE
891,333.81382778306863,2024-04-05 01:40:42.658596,2024-04-05 01:43:41.221281,0 days 00:02:58.562685,True,32,2,2,207,COMPLETE
892,332.81028970442816,2024-04-05 01:41:16.865814,2024-04-05 01:46:12.710534,0 days 00:04:55.844720,True,31,2,4,339,COMPLETE
893,333.19160676566787,2024-04-05 01:41:26.016781,2024-04-05 01:46:22.871107,0 days 00:04:56.854326,True,40,2,2,339,COMPLETE
894,333.48056047522743,2024-04-05 01:42:48.658531,2024-04-05 01:46:10.667992,0 days 00:03:22.009461,True,32,2,2,224,COMPLETE
895,333.96237950716375,2024-04-05 01:43:03.993915,2024-04-05 01:46:11.809341,0 days 00:03:07.815426,True,33,2,2,213,COMPLETE
896,332.6485270821185,2024-04-05 01:43:06.767320,2024-04-05 01:47:58.946750,0 days 00:04:52.179430,True,33,2,2,339,COMPLETE
897,333.067474337456,2024-04-05 01:43:17.053715,2024-04-05 01:48:15.157275,0 days 00:04:58.103560,True,33,2,2,340,COMPLETE
898,332.8061214707724,2024-04-05 01:43:41.224785,2024-04-05 01:48:36.606002,0 days 00:04:55.381217,True,31,2,2,340,COMPLETE
899,333.32786793706964,2024-04-05 01:44:27.884418,2024-04-05 01:49:22.655141,0 days 00:04:54.770723,True,31,2,2,340,COMPLETE
900,333.34801161882734,2024-04-05 01:44:31.218853,2024-04-05 01:49:30.795756,0 days 00:04:59.576903,True,31,2,2,340,COMPLETE
901,332.9623375788282,2024-04-05 01:44:32.739288,2024-04-05 01:49:35.851959,0 days 00:05:03.112671,True,31,2,2,339,COMPLETE
902,332.9018845364561,2024-04-05 01:45:00.417280,2024-04-05 01:49:53.599846,0 days 00:04:53.182566,True,31,2,2,339,COMPLETE
903,333.4126472491773,2024-04-05 01:45:17.196170,2024-04-05 01:50:14.103366,0 days 00:04:56.907196,True,31,2,2,340,COMPLETE
904,332.90847489642255,2024-04-05 01:46:10.671992,2024-04-05 01:51:06.060736,0 days 00:04:55.388744,True,33,2,2,341,COMPLETE
905,333.4405210892564,2024-04-05 01:46:11.812341,2024-04-05 01:51:10.876004,0 days 00:04:59.063663,True,31,2,2,339,COMPLETE
906,331.91231328504693,2024-04-05 01:46:12.714042,2024-04-05 01:51:12.980705,0 days 00:05:00.266663,True,31,2,2,340,COMPLETE
907,333.12470515152904,2024-04-05 01:46:22.877614,2024-04-05 01:51:19.947074,0 days 00:04:57.069460,True,31,2,2,345,COMPLETE
908,332.51607226705244,2024-04-05 01:47:58.950748,2024-04-05 01:52:57.108784,0 days 00:04:58.158036,True,31,2,2,346,COMPLETE
909,332.7001059700556,2024-04-05 01:48:15.160274,2024-04-05 01:53:17.931979,0 days 00:05:02.771705,True,31,2,3,345,COMPLETE
910,333.1163869062976,2024-04-05 01:48:36.612008,2024-04-05 01:53:30.559224,0 days 00:04:53.947216,True,31,2,2,345,COMPLETE
911,333.2418905158027,2024-04-05 01:49:22.661082,2024-04-05 01:54:13.825253,0 days 00:04:51.164171,True,31,2,3,346,COMPLETE
912,333.41918748789533,2024-04-05 01:49:30.800762,2024-04-05 01:54:24.452391,0 days 00:04:53.651629,True,33,2,3,346,COMPLETE
913,333.05915501975437,2024-04-05 01:49:35.855957,2024-04-05 01:54:33.124803,0 days 00:04:57.268846,True,37,2,2,346,COMPLETE
914,332.91753267846326,2024-04-05 01:49:53.603358,2024-04-05 01:54:51.444236,0 days 00:04:57.840878,True,32,2,2,345,COMPLETE
915,332.84080198341985,2024-04-05 01:50:14.109417,2024-04-05 01:55:04.365919,0 days 00:04:50.256502,True,37,2,2,345,COMPLETE
916,332.5489641884126,2024-04-05 01:51:06.066246,2024-04-05 01:55:56.487327,0 days 00:04:50.421081,True,32,2,3,345,COMPLETE
917,332.8067903624884,2024-04-05 01:51:10.880010,2024-04-05 01:55:40.480604,0 days 00:04:29.600594,True,32,2,2,317,COMPLETE
918,333.28003209618316,2024-04-05 01:51:12.985214,2024-04-05 01:55:57.395265,0 days 00:04:44.410051,True,32,2,3,335,COMPLETE
919,333.03341892384293,2024-04-05 01:51:19.953073,2024-04-05 01:56:08.688449,0 days 00:04:48.735376,True,32,2,2,335,COMPLETE
920,333.30431864779257,2024-04-05 01:52:57.112790,2024-04-05 01:57:47.022964,0 days 00:04:49.910174,True,38,2,3,336,COMPLETE
921,332.41862320134845,2024-04-05 01:53:17.935036,2024-04-05 01:58:07.328116,0 days 00:04:49.393080,True,32,2,2,336,COMPLETE
922,332.75057995090737,2024-04-05 01:53:30.563231,2024-04-05 01:57:24.334468,0 days 00:03:53.771237,True,37,2,2,271,COMPLETE
923,333.0754200475129,2024-04-05 01:54:13.828260,2024-04-05 01:59:03.510327,0 days 00:04:49.682067,True,32,2,2,336,COMPLETE
924,332.80151316218854,2024-04-05 01:54:24.455902,2024-04-05 01:59:11.576271,0 days 00:04:47.120369,True,32,2,2,335,COMPLETE
925,333.71938491852063,2024-04-05 01:54:33.127746,2024-04-05 01:59:21.218182,0 days 00:04:48.090436,True,32,2,2,336,COMPLETE
926,333.4262497864322,2024-04-05 01:54:51.450266,2024-04-05 01:59:44.979482,0 days 00:04:53.529216,True,32,2,2,335,COMPLETE
927,333.00550291609153,2024-04-05 01:55:04.369429,2024-04-05 01:59:52.887072,0 days 00:04:48.517643,True,32,2,2,329,COMPLETE
928,333.53404368099785,2024-04-05 01:55:40.485118,2024-04-05 02:00:28.671855,0 days 00:04:48.186737,True,38,2,2,335,COMPLETE
929,332.81918578224935,2024-04-05 01:55:56.493354,2024-04-05 02:00:47.653620,0 days 00:04:51.160266,True,32,2,2,334,COMPLETE
930,334.0468252829505,2024-04-05 01:55:57.399276,2024-04-05 01:59:16.909529,0 days 00:03:19.510253,True,38,2,2,232,COMPLETE
931,333.544379601315,2024-04-05 01:56:08.692448,2024-04-05 02:00:51.502792,0 days 00:04:42.810344,True,33,2,2,330,COMPLETE
932,333.3691569090946,2024-04-05 01:57:24.338473,2024-04-05 02:02:11.764117,0 days 00:04:47.425644,True,38,2,2,331,COMPLETE
933,333.25833839650693,2024-04-05 01:57:47.026971,2024-04-05 02:01:38.356997,0 days 00:03:51.330026,True,33,2,2,263,COMPLETE
934,332.9854048827131,2024-04-05 01:58:07.333629,2024-04-05 02:02:57.800404,0 days 00:04:50.466775,True,33,2,2,330,COMPLETE
935,333.0759758809694,2024-04-05 01:59:03.513834,2024-04-05 02:03:45.527905,0 days 00:04:42.014071,True,33,2,2,329,COMPLETE
936,333.3098275380732,2024-04-05 01:59:11.580776,2024-04-05 02:04:01.263894,0 days 00:04:49.683118,True,33,2,2,329,COMPLETE
937,332.85850621411765,2024-04-05 01:59:16.915042,2024-04-05 02:03:49.470780,0 days 00:04:32.555738,True,33,2,2,317,COMPLETE
938,331.931993738769,2024-04-05 01:59:21.222695,2024-04-05 02:04:06.291721,0 days 00:04:45.069026,True,33,2,2,330,COMPLETE
939,332.9495417933343,2024-04-05 01:59:44.982484,2024-04-05 02:04:13.062381,0 days 00:04:28.079897,True,33,2,2,316,COMPLETE
940,332.3214376122483,2024-04-05 01:59:52.896587,2024-04-05 02:04:33.481695,0 days 00:04:40.585108,True,33,2,2,330,COMPLETE
941,332.95182518876993,2024-04-05 02:00:28.680859,2024-04-05 02:05:10.271374,0 days 00:04:41.590515,True,27,2,2,330,COMPLETE
942,332.65194187703764,2024-04-05 02:00:47.659628,2024-04-05 02:05:32.783545,0 days 00:04:45.123917,True,31,2,2,330,COMPLETE
943,333.0585889169509,2024-04-05 02:00:51.510311,2024-04-05 02:04:56.063526,0 days 00:04:04.553215,True,33,2,2,290,COMPLETE
944,333.0284083079088,2024-04-05 02:01:38.361995,2024-04-05 02:05:44.473059,0 days 00:04:06.111064,True,31,2,2,277,COMPLETE
945,333.2056910030534,2024-04-05 02:02:11.767678,2024-04-05 02:06:47.526253,0 days 00:04:35.758575,True,31,2,2,316,COMPLETE
946,333.7171001511168,2024-04-05 02:02:57.805431,2024-04-05 02:07:36.782890,0 days 00:04:38.977459,True,31,2,2,329,COMPLETE
947,332.9730419807648,2024-04-05 02:03:45.531412,2024-04-05 02:08:29.970626,0 days 00:04:44.439214,True,31,2,2,317,COMPLETE
948,333.0908475066282,2024-04-05 02:03:49.474788,2024-04-05 02:06:56.501619,0 days 00:03:07.026831,True,31,2,2,216,COMPLETE
949,332.65937326282034,2024-04-05 02:04:01.267893,2024-04-05 02:08:11.793195,0 days 00:04:10.525302,True,31,2,2,288,COMPLETE
950,332.8935145721165,2024-04-05 02:04:06.294724,2024-04-05 02:08:20.279800,0 days 00:04:13.985076,True,34,2,2,288,COMPLETE
951,332.94605981625875,2024-04-05 02:04:13.066380,2024-04-05 02:09:07.821225,0 days 00:04:54.754845,True,33,2,2,332,COMPLETE
952,333.49254360380144,2024-04-05 02:04:33.484694,2024-04-05 02:09:19.925289,0 days 00:04:46.440595,True,33,2,2,330,COMPLETE
953,333.62731075943947,2024-04-05 02:04:56.067524,2024-04-05 02:09:42.561473,0 days 00:04:46.493949,True,33,2,2,331,COMPLETE
954,333.1193390723158,2024-04-05 02:05:10.274380,2024-04-05 02:10:02.568320,0 days 00:04:52.293940,True,33,2,2,332,COMPLETE
955,333.2079537374101,2024-04-05 02:05:32.788055,2024-04-05 02:10:26.865465,0 days 00:04:54.077410,True,33,2,2,333,COMPLETE
956,331.86820719484354,2024-04-05 02:05:44.479059,2024-04-05 02:10:36.145480,0 days 00:04:51.666421,True,34,2,2,333,COMPLETE
957,333.275752601174,2024-04-05 02:06:47.530251,2024-04-05 02:11:37.286125,0 days 00:04:49.755874,True,34,2,2,332,COMPLETE
958,333.3083737168778,2024-04-05 02:06:56.506620,2024-04-05 02:11:47.028956,0 days 00:04:50.522336,True,34,2,2,333,COMPLETE
959,333.179942175998,2024-04-05 02:07:36.787890,2024-04-05 02:12:23.151884,0 days 00:04:46.363994,True,34,2,2,332,COMPLETE
960,332.6662622542,2024-04-05 02:08:11.820738,2024-04-05 02:12:59.833461,0 days 00:04:48.012723,True,34,2,2,333,COMPLETE
961,332.65908726497406,2024-04-05 02:08:20.283768,2024-04-05 02:13:10.836601,0 days 00:04:50.552833,True,34,2,2,332,COMPLETE
962,333.23116174241477,2024-04-05 02:08:29.975140,2024-04-05 02:13:16.797348,0 days 00:04:46.822208,True,34,2,2,331,COMPLETE
963,333.02912873828666,2024-04-05 02:09:07.827232,2024-04-05 02:13:44.845875,0 days 00:04:37.018643,True,34,2,2,328,COMPLETE
964,333.3343847764773,2024-04-05 02:09:19.928295,2024-04-05 02:14:05.720751,0 days 00:04:45.792456,True,34,2,2,332,COMPLETE
965,333.5322377115319,2024-04-05 02:09:42.566478,2024-04-05 02:14:30.951731,0 days 00:04:48.385253,True,34,2,2,333,COMPLETE
966,333.2374208592343,2024-04-05 02:10:02.572829,2024-04-05 02:14:47.265967,0 days 00:04:44.693138,True,34,2,2,327,COMPLETE
967,333.4870413549109,2024-04-05 02:10:26.868971,2024-04-05 02:15:09.533109,0 days 00:04:42.664138,True,33,2,2,327,COMPLETE
968,333.10600764689855,2024-04-05 02:10:36.148488,2024-04-05 02:15:22.259191,0 days 00:04:46.110703,True,34,2,2,328,COMPLETE
969,332.9853171706751,2024-04-05 02:11:37.290197,2024-04-05 02:16:18.386870,0 days 00:04:41.096673,True,34,2,2,329,COMPLETE
970,333.7701799947046,2024-04-05 02:11:47.032968,2024-04-05 02:16:29.968064,0 days 00:04:42.935096,True,34,2,2,327,COMPLETE
971,333.16051328093374,2024-04-05 02:12:23.154884,2024-04-05 02:17:01.908651,0 days 00:04:38.753767,True,35,2,2,329,COMPLETE
972,333.15722948972126,2024-04-05 02:12:59.836461,2024-04-05 02:17:44.929380,0 days 00:04:45.092919,True,34,2,2,329,COMPLETE
973,333.59904096624894,2024-04-05 02:13:10.841615,2024-04-05 02:17:55.293799,0 days 00:04:44.452184,True,34,2,2,328,COMPLETE
974,333.0965220391114,2024-04-05 02:13:16.803864,2024-04-05 02:17:56.410885,0 days 00:04:39.607021,True,34,2,2,327,COMPLETE
975,332.2731062395468,2024-04-05 02:13:44.849876,2024-04-05 02:18:29.366282,0 days 00:04:44.516406,True,35,2,2,327,COMPLETE
976,334.06965239596786,2024-04-05 02:14:05.726261,2024-04-05 02:18:48.466134,0 days 00:04:42.739873,True,34,2,2,327,COMPLETE
977,332.8974090035206,2024-04-05 02:14:30.955733,2024-04-05 02:19:21.654371,0 days 00:04:50.698638,True,35,2,2,327,COMPLETE
978,332.8356646129959,2024-04-05 02:14:47.268965,2024-04-05 02:19:38.823102,0 days 00:04:51.554137,True,35,2,2,327,COMPLETE
979,333.01452983050274,2024-04-05 02:15:09.537612,2024-04-05 02:19:58.224382,0 days 00:04:48.686770,True,35,2,2,336,COMPLETE
980,333.7699887063208,2024-04-05 02:15:22.265193,2024-04-05 02:20:24.011803,0 days 00:05:01.746610,True,35,2,2,336,COMPLETE
981,333.1174850832664,2024-04-05 02:16:18.393874,2024-04-05 02:19:58.474959,0 days 00:03:40.081085,True,35,2,2,242,COMPLETE
982,332.85370890483426,2024-04-05 02:16:29.972581,2024-04-05 02:21:24.325703,0 days 00:04:54.353122,True,35,2,2,336,COMPLETE
983,333.00663777100016,2024-04-05 02:17:01.913162,2024-04-05 02:20:29.077957,0 days 00:03:27.164795,True,20,2,2,242,COMPLETE
984,333.03261364143685,2024-04-05 02:17:44.935393,2024-04-05 02:22:33.651949,0 days 00:04:48.716556,True,33,2,2,336,COMPLETE
985,333.2520890657653,2024-04-05 02:17:55.298799,2024-04-05 02:22:44.975572,0 days 00:04:49.676773,True,33,2,2,337,COMPLETE
986,333.3268502026553,2024-04-05 02:17:56.414889,2024-04-05 02:22:48.900039,0 days 00:04:52.485150,True,33,2,2,337,COMPLETE
987,333.13843942349956,2024-04-05 02:18:29.375305,2024-04-05 02:23:23.759291,0 days 00:04:54.383986,True,35,2,2,335,COMPLETE
988,332.92708840999103,2024-04-05 02:18:48.469140,2024-04-05 02:23:23.049352,0 days 00:04:34.580212,True,35,2,2,323,COMPLETE
989,333.5059258710005,2024-04-05 02:19:21.658883,2024-04-05 02:24:09.960695,0 days 00:04:48.301812,True,36,2,2,335,COMPLETE
990,333.21508508047475,2024-04-05 02:19:38.827612,2024-04-05 02:24:31.447017,0 days 00:04:52.619405,True,35,2,2,335,COMPLETE
991,333.1061747269137,2024-04-05 02:19:58.230442,2024-04-05 02:24:42.834455,0 days 00:04:44.604013,True,33,2,2,335,COMPLETE
992,332.8930590262901,2024-04-05 02:19:58.492487,2024-04-05 02:24:39.456418,0 days 00:04:40.963931,True,36,2,2,336,COMPLETE
993,333.3566716908231,2024-04-05 02:20:24.015806,2024-04-05 02:24:59.531521,0 days 00:04:35.515715,True,36,2,2,323,COMPLETE
994,333.25392512613524,2024-04-05 02:20:29.081966,2024-04-05 02:24:56.508055,0 days 00:04:27.426089,True,36,2,2,323,COMPLETE
995,332.81403117969904,2024-04-05 02:21:24.329213,2024-04-05 02:25:53.844342,0 days 00:04:29.515129,True,36,2,2,336,COMPLETE
996,333.1308718453484,2024-04-05 02:22:33.658458,2024-04-05 02:26:42.685577,0 days 00:04:09.027119,True,33,2,2,333,COMPLETE
997,333.0851239870872,2024-04-05 02:22:44.980570,2024-04-05 02:26:41.858708,0 days 00:03:56.878138,True,35,2,2,325,COMPLETE
998,332.87557079743283,2024-04-05 02:22:48.903988,2024-04-05 02:26:44.873780,0 days 00:03:55.969792,True,36,2,2,322,COMPLETE
999,332.9436269740829,2024-04-05 02:23:23.052363,2024-04-05 02:27:15.909380,0 days 00:03:52.857017,True,36,2,2,333,COMPLETE
