number,value,datetime_start,datetime_complete,duration,params_bootstrap,params_max_depth,params_min_samples_leaf,params_min_samples_split,params_n_estimators,state
700,332.80518340475953,2024-04-05 00:27:40.965448,2024-04-05 00:32:25.298133,0 days 00:04:44.332685,True,32,2,2,327,COMPLETE
701,333.2327867743999,2024-04-05 00:27:53.354721,2024-04-05 00:31:34.281074,0 days 00:03:40.926353,True,32,2,2,261,COMPLETE
702,332.80588236354106,2024-04-05 00:28:56.412056,2024-04-05 00:33:31.354178,0 days 00:04:34.942122,True,32,2,2,316,COMPLETE
703,333.22596227003294,2024-04-05 00:29:00.825080,2024-04-05 00:33:38.911564,0 days 00:04:38.086484,True,32,2,2,328,COMPLETE
704,332.79865851899865,2024-04-05 00:29:06.202398,2024-04-05 00:33:38.407590,0 days 00:04:32.205192,True,32,2,2,317,COMPLETE
705,332.6538429914384,2024-04-05 00:29:28.114088,2024-04-05 00:34:00.980522,0 days 00:04:32.866434,True,32,2,3,316,COMPLETE
706,332.57190949380504,2024-04-05 00:29:40.669798,2024-04-05 00:34:13.273196,0 days 00:04:32.603398,True,23,2,4,317,COMPLETE
707,333.32858003425713,2024-04-05 00:30:08.786708,2024-04-05 00:34:49.380877,0 days 00:04:40.594169,True,32,2,2,326,COMPLETE
708,333.0613356283521,2024-04-05 00:30:13.928913,2024-04-05 00:34:59.596799,0 days 00:04:45.667886,True,32,2,2,327,COMPLETE
709,333.32828725442215,2024-04-05 00:30:23.435583,2024-04-05 00:35:03.500863,0 days 00:04:40.065280,True,32,2,2,327,COMPLETE
710,333.06964694326143,2024-04-05 00:31:34.284079,2024-04-05 00:36:20.057752,0 days 00:04:45.773673,True,32,2,2,328,COMPLETE
711,332.70497747079344,2024-04-05 00:32:20.004555,2024-04-05 00:37:22.715552,0 days 00:05:02.710997,True,32,2,2,347,COMPLETE
712,333.18653007319966,2024-04-05 00:32:25.301643,2024-04-05 00:37:27.944797,0 days 00:05:02.643154,True,31,2,2,347,COMPLETE
713,332.44972281691923,2024-04-05 00:32:25.994631,2024-04-05 00:37:03.806628,0 days 00:04:37.811997,True,31,2,2,323,COMPLETE
714,332.265494653306,2024-04-05 00:33:31.359183,2024-04-05 00:38:19.138973,0 days 00:04:47.779790,True,23,2,2,331,COMPLETE
715,332.7186614701254,2024-04-05 00:33:38.414793,2024-04-05 00:38:22.629619,0 days 00:04:44.214826,True,23,2,2,323,COMPLETE
716,332.86689170087163,2024-04-05 00:33:38.918079,2024-04-05 00:38:25.137299,0 days 00:04:46.219220,True,31,2,4,324,COMPLETE
717,333.2436430287336,2024-04-05 00:34:00.989041,2024-04-05 00:38:44.954262,0 days 00:04:43.965221,True,31,2,2,324,COMPLETE
718,333.14551404822146,2024-04-05 00:34:13.279706,2024-04-05 00:38:57.676533,0 days 00:04:44.396827,True,31,2,2,323,COMPLETE
719,333.23985074293205,2024-04-05 00:34:49.384381,2024-04-05 00:39:50.761313,0 days 00:05:01.376932,True,31,2,2,346,COMPLETE
720,333.48822288035666,2024-04-05 00:34:59.602306,2024-04-05 00:39:36.694190,0 days 00:04:37.091884,True,31,2,2,323,COMPLETE
721,333.03697099782346,2024-04-05 00:35:03.506869,2024-04-05 00:39:38.262139,0 days 00:04:34.755270,True,31,2,2,322,COMPLETE
722,332.88088114716646,2024-04-05 00:36:20.062265,2024-04-05 00:41:15.271588,0 days 00:04:55.209323,True,31,2,2,347,COMPLETE
723,333.09995658453875,2024-04-05 00:37:03.810629,2024-04-05 00:42:05.698046,0 days 00:05:01.887417,True,31,2,2,347,COMPLETE
724,333.48601106508414,2024-04-05 00:37:22.718567,2024-04-05 00:42:18.951295,0 days 00:04:56.232728,True,31,2,2,347,COMPLETE
725,333.1232515583107,2024-04-05 00:37:27.949798,2024-04-05 00:42:15.868699,0 days 00:04:47.918901,True,31,2,2,331,COMPLETE
726,332.8847061671882,2024-04-05 00:38:19.144484,2024-04-05 00:43:01.722196,0 days 00:04:42.577712,True,23,2,2,331,COMPLETE
727,332.8107878182958,2024-04-05 00:38:22.632619,2024-04-05 00:42:59.009471,0 days 00:04:36.376852,True,22,2,2,322,COMPLETE
728,333.21161255570115,2024-04-05 00:38:25.140806,2024-04-05 00:41:20.891894,0 days 00:02:55.751088,True,22,2,2,212,COMPLETE
729,333.38861762698644,2024-04-05 00:38:44.958271,2024-04-05 00:43:26.702127,0 days 00:04:41.743856,True,23,2,2,332,COMPLETE
730,332.50037593579,2024-04-05 00:38:57.683764,2024-04-05 00:43:39.614333,0 days 00:04:41.930569,True,30,2,2,331,COMPLETE
731,332.9256875004011,2024-04-05 00:39:36.701211,2024-04-05 00:44:18.476533,0 days 00:04:41.775322,True,21,2,2,331,COMPLETE
732,333.1938950230108,2024-04-05 00:39:38.267148,2024-04-05 00:44:14.806672,0 days 00:04:36.539524,True,21,2,2,332,COMPLETE
733,333.118687329522,2024-04-05 00:39:50.766313,2024-04-05 00:44:37.584043,0 days 00:04:46.817730,True,30,2,2,331,COMPLETE
734,333.0952435772418,2024-04-05 00:41:15.276099,2024-04-05 00:45:56.417645,0 days 00:04:41.141546,True,24,2,2,329,COMPLETE
735,333.3116200584686,2024-04-05 00:41:20.897406,2024-04-05 00:46:02.502820,0 days 00:04:41.605414,True,24,2,2,330,COMPLETE
736,332.80484585880265,2024-04-05 00:42:05.703560,2024-04-05 00:46:40.431251,0 days 00:04:34.727691,True,34,2,2,319,COMPLETE
737,332.8016034649801,2024-04-05 00:42:15.877722,2024-04-05 00:46:59.246218,0 days 00:04:43.368496,True,21,2,2,331,COMPLETE
738,332.7287454704634,2024-04-05 00:42:18.954807,2024-04-05 00:47:08.480182,0 days 00:04:49.525375,True,34,2,2,331,COMPLETE
739,332.5824102948669,2024-04-05 00:42:59.013476,2024-04-05 00:47:47.468185,0 days 00:04:48.454709,True,23,2,2,331,COMPLETE
740,333.3207231210327,2024-04-05 00:43:01.724712,2024-04-05 00:47:47.982696,0 days 00:04:46.257984,True,21,2,2,331,COMPLETE
741,333.135748793824,2024-04-05 00:43:26.708642,2024-04-05 00:48:12.166369,0 days 00:04:45.457727,True,24,2,2,331,COMPLETE
742,333.1671888144722,2024-04-05 00:43:39.621347,2024-04-05 00:48:29.783732,0 days 00:04:50.162385,True,24,2,2,334,COMPLETE
743,333.20662485257463,2024-04-05 00:44:14.811680,2024-04-05 00:48:56.819982,0 days 00:04:42.008302,True,24,2,2,334,COMPLETE
744,333.62176945755755,2024-04-05 00:44:18.481534,2024-04-05 00:49:11.634532,0 days 00:04:53.152998,True,24,2,2,335,COMPLETE
745,332.7711703146521,2024-04-05 00:44:37.594066,2024-04-05 00:49:28.576331,0 days 00:04:50.982265,True,34,2,2,335,COMPLETE
746,333.28576718264947,2024-04-05 00:45:56.423645,2024-04-05 00:50:45.062926,0 days 00:04:48.639281,True,34,2,2,335,COMPLETE
747,333.005471055442,2024-04-05 00:46:02.509838,2024-04-05 00:50:45.710140,0 days 00:04:43.200302,True,34,2,2,320,COMPLETE
748,333.0969091865782,2024-04-05 00:46:40.435300,2024-04-05 00:51:19.681010,0 days 00:04:39.245710,True,20,2,2,334,COMPLETE
749,332.6974625589915,2024-04-05 00:46:59.250731,2024-04-05 00:51:11.228506,0 days 00:04:11.977775,True,36,2,2,288,COMPLETE
750,333.10997345586105,2024-04-05 00:47:08.483686,2024-04-05 00:52:01.182048,0 days 00:04:52.698362,True,36,2,3,336,COMPLETE
751,332.96507768404814,2024-04-05 00:47:47.473699,2024-04-05 00:52:41.557563,0 days 00:04:54.083864,True,26,2,3,335,COMPLETE
752,332.74677444427954,2024-04-05 00:47:47.986203,2024-04-05 00:52:40.882125,0 days 00:04:52.895922,True,26,2,3,335,COMPLETE
753,332.4176267536619,2024-04-05 00:48:12.171888,2024-04-05 00:53:07.938137,0 days 00:04:55.766249,True,30,2,2,337,COMPLETE
754,333.2836132577089,2024-04-05 00:48:29.791737,2024-04-05 00:53:01.019301,0 days 00:04:31.227564,True,26,2,2,313,COMPLETE
755,332.8096649532859,2024-04-05 00:48:56.826494,2024-04-05 00:53:33.850680,0 days 00:04:37.024186,True,36,2,2,313,COMPLETE
756,333.0570712821486,2024-04-05 00:49:11.639037,2024-04-05 00:53:42.873148,0 days 00:04:31.234111,True,36,2,2,313,COMPLETE
757,333.7464984281635,2024-04-05 00:49:28.581854,2024-04-05 00:54:21.241789,0 days 00:04:52.659935,True,36,2,3,341,COMPLETE
758,333.5861128439785,2024-04-05 00:50:45.067436,2024-04-05 00:55:45.600270,0 days 00:05:00.532834,True,26,2,3,341,COMPLETE
759,333.4318278777994,2024-04-05 00:50:45.713145,2024-04-05 00:55:39.445810,0 days 00:04:53.732665,True,30,2,2,341,COMPLETE
760,333.1096022583296,2024-04-05 00:51:11.233506,2024-04-05 00:55:10.221615,0 days 00:03:58.988109,True,30,2,3,279,COMPLETE
761,332.9250626859311,2024-04-05 00:51:19.685514,2024-04-05 00:56:10.648309,0 days 00:04:50.962795,True,26,2,3,341,COMPLETE
762,333.3798963890105,2024-04-05 00:52:01.185561,2024-04-05 00:56:27.238699,0 days 00:04:26.053138,True,26,2,2,313,COMPLETE
763,333.39469418670035,2024-04-05 00:52:40.888639,2024-04-05 00:57:10.879672,0 days 00:04:29.991033,True,30,2,2,314,COMPLETE
764,332.866593726587,2024-04-05 00:52:41.562570,2024-04-05 00:57:32.505418,0 days 00:04:50.942848,True,30,2,2,341,COMPLETE
765,332.4148713860686,2024-04-05 00:53:01.022301,2024-04-05 00:57:54.036067,0 days 00:04:53.013766,True,29,2,2,341,COMPLETE
766,333.4087289683765,2024-04-05 00:53:07.943643,2024-04-05 00:58:04.496204,0 days 00:04:56.552561,True,29,2,2,341,COMPLETE
767,333.096184078249,2024-04-05 00:53:33.857199,2024-04-05 00:58:22.337244,0 days 00:04:48.480045,True,29,2,2,341,COMPLETE
768,333.55797351264385,2024-04-05 00:53:42.877661,2024-04-05 00:58:35.638677,0 days 00:04:52.761016,True,29,2,2,341,COMPLETE
769,332.8416449762004,2024-04-05 00:54:21.247300,2024-04-05 00:59:11.154031,0 days 00:04:49.906731,True,29,2,2,346,COMPLETE
770,332.8207656434918,2024-04-05 00:55:10.225127,2024-04-05 01:00:13.290820,0 days 00:05:03.065693,True,29,2,2,346,COMPLETE
771,333.11534080322974,2024-04-05 00:55:39.450320,2024-04-05 01:00:32.722049,0 days 00:04:53.271729,True,29,2,2,341,COMPLETE
772,333.0309434319681,2024-04-05 00:55:45.602780,2024-04-05 01:00:05.754549,0 days 00:04:20.151769,True,33,2,2,302,COMPLETE
773,332.24842879122804,2024-04-05 00:56:10.653817,2024-04-05 01:01:06.317829,0 days 00:04:55.664012,True,33,2,2,346,COMPLETE
774,332.9727059427742,2024-04-05 00:56:27.241700,2024-04-05 01:01:24.545035,0 days 00:04:57.303335,True,29,2,2,345,COMPLETE
775,332.60876409699347,2024-04-05 00:57:10.884175,2024-04-05 01:01:34.487354,0 days 00:04:23.603179,True,29,2,2,307,COMPLETE
776,333.2897254300005,2024-04-05 00:57:32.510037,2024-04-05 01:02:24.337419,0 days 00:04:51.827382,True,29,2,2,347,COMPLETE
777,333.11325618568185,2024-04-05 00:57:54.040080,2024-04-05 01:02:16.591809,0 days 00:04:22.551729,True,33,2,2,308,COMPLETE
778,334.28247891945165,2024-04-05 00:58:04.500219,2024-04-05 01:02:20.855642,0 days 00:04:16.355423,True,33,4,2,346,COMPLETE
779,332.5120547199044,2024-04-05 00:58:22.342245,2024-04-05 01:03:16.877547,0 days 00:04:54.535302,True,33,2,2,345,COMPLETE
780,332.4022064899458,2024-04-05 00:58:35.644182,2024-04-05 01:03:32.680987,0 days 00:04:57.036805,True,38,2,2,346,COMPLETE
781,333.29354189282105,2024-04-05 00:59:11.160041,2024-04-05 01:03:26.685744,0 days 00:04:15.525703,True,33,2,2,302,COMPLETE
782,333.2244677282752,2024-04-05 01:00:05.758554,2024-04-05 01:03:46.586826,0 days 00:03:40.828272,True,33,2,2,258,COMPLETE
783,333.33163128386485,2024-04-05 01:00:13.295817,2024-04-05 01:03:56.128709,0 days 00:03:42.832892,True,33,2,2,258,COMPLETE
784,334.3597900217104,2024-04-05 01:00:32.737584,2024-04-05 01:04:28.220666,0 days 00:03:55.483082,True,25,4,2,320,COMPLETE
785,332.72713156099616,2024-04-05 01:01:06.321339,2024-04-05 01:06:09.421847,0 days 00:05:03.100508,True,33,2,2,347,COMPLETE
786,333.09983860888525,2024-04-05 01:01:24.552559,2024-04-05 01:06:27.491283,0 days 00:05:02.938724,True,33,2,2,347,COMPLETE
787,333.1943417134461,2024-04-05 01:01:34.492357,2024-04-05 01:06:38.092868,0 days 00:05:03.600511,True,33,2,2,347,COMPLETE
788,334.3426630536783,2024-04-05 01:02:16.596314,2024-04-05 01:06:38.850053,0 days 00:04:22.253739,True,33,4,2,348,COMPLETE
789,332.6119842256985,2024-04-05 01:02:20.858154,2024-04-05 01:07:19.833149,0 days 00:04:58.974995,True,33,2,2,350,COMPLETE
790,334.0429423303587,2024-04-05 01:02:24.341417,2024-04-05 01:07:03.988548,0 days 00:04:39.647131,True,33,3,2,347,COMPLETE
791,332.8463073643569,2024-04-05 01:03:16.880547,2024-04-05 01:08:24.076795,0 days 00:05:07.196248,True,33,2,2,350,COMPLETE
792,333.1381147311017,2024-04-05 01:03:26.691253,2024-04-05 01:08:26.877030,0 days 00:05:00.185777,True,33,2,2,350,COMPLETE
793,332.767368954841,2024-04-05 01:03:32.687506,2024-04-05 01:08:34.295838,0 days 00:05:01.608332,True,33,2,2,350,COMPLETE
794,333.1029202594497,2024-04-05 01:03:46.592826,2024-04-05 01:08:23.827323,0 days 00:04:37.234497,True,33,2,2,326,COMPLETE
795,332.94630798436765,2024-04-05 01:03:56.136216,2024-04-05 01:08:53.342470,0 days 00:04:57.206254,True,34,2,2,348,COMPLETE
796,333.25000463444326,2024-04-05 01:04:28.224666,2024-04-05 01:09:34.087397,0 days 00:05:05.862731,True,33,2,2,350,COMPLETE
797,333.2311914688129,2024-04-05 01:06:09.427359,2024-04-05 01:11:16.906418,0 days 00:05:07.479059,True,34,2,2,350,COMPLETE
798,332.50726210312746,2024-04-05 01:06:27.496281,2024-04-05 01:11:28.325718,0 days 00:05:00.829437,True,33,2,2,350,COMPLETE
799,333.56071840011816,2024-04-05 01:06:38.097379,2024-04-05 01:11:36.550608,0 days 00:04:58.453229,True,23,2,2,350,COMPLETE
800,332.7710417012866,2024-04-05 01:06:38.856569,2024-04-05 01:11:26.860870,0 days 00:04:48.004301,True,34,2,7,350,COMPLETE
801,332.5273807471045,2024-04-05 01:07:03.992550,2024-04-05 01:11:46.532082,0 days 00:04:42.539532,True,34,2,2,327,COMPLETE
802,334.23038094655396,2024-04-05 01:07:19.838659,2024-04-05 01:10:29.469751,0 days 00:03:09.631092,True,34,2,2,221,COMPLETE
803,333.25860273350537,2024-04-05 01:08:23.835833,2024-04-05 01:13:12.743781,0 days 00:04:48.907948,True,34,2,2,337,COMPLETE
804,332.6994688495518,2024-04-05 01:08:24.080795,2024-04-05 01:13:20.146131,0 days 00:04:56.065336,True,34,2,2,344,COMPLETE
805,333.0748655295924,2024-04-05 01:08:26.880030,2024-04-05 01:13:22.655248,0 days 00:04:55.775218,True,34,2,2,343,COMPLETE
806,333.32461321346057,2024-04-05 01:08:34.300843,2024-04-05 01:13:14.206091,0 days 00:04:39.905248,True,23,2,7,344,COMPLETE
807,332.48001765650326,2024-04-05 01:08:53.345985,2024-04-05 01:13:45.904283,0 days 00:04:52.558298,True,23,2,2,344,COMPLETE
808,333.36189106415185,2024-04-05 01:09:34.092905,2024-04-05 01:14:19.125004,0 days 00:04:45.032099,True,23,2,2,344,COMPLETE
809,333.09338374476914,2024-04-05 01:10:29.474262,2024-04-05 01:15:19.344687,0 days 00:04:49.870425,True,32,2,2,338,COMPLETE
810,332.8408659567537,2024-04-05 01:11:16.911424,2024-04-05 01:16:06.080591,0 days 00:04:49.169167,True,23,2,2,338,COMPLETE
811,332.85164156706526,2024-04-05 01:11:26.867878,2024-04-05 01:16:12.169584,0 days 00:04:45.301706,True,23,2,2,338,COMPLETE
812,332.5014860930505,2024-04-05 01:11:28.330225,2024-04-05 01:16:21.323918,0 days 00:04:52.993693,True,32,2,4,338,COMPLETE
813,333.0961321392913,2024-04-05 01:11:36.557120,2024-04-05 01:16:30.336985,0 days 00:04:53.779865,True,32,2,2,337,COMPLETE
814,333.84979647154626,2024-04-05 01:11:46.539596,2024-04-05 01:15:45.915188,0 days 00:03:59.375592,True,32,2,2,283,COMPLETE
815,333.16893475138465,2024-04-05 01:13:12.747788,2024-04-05 01:18:03.334478,0 days 00:04:50.586690,True,22,2,2,344,COMPLETE
816,333.5334639432189,2024-04-05 01:13:14.212604,2024-04-05 01:16:07.711174,0 days 00:02:53.498570,True,32,2,2,204,COMPLETE
817,333.52556315832146,2024-04-05 01:13:20.157645,2024-04-05 01:18:14.940479,0 days 00:04:54.782834,True,32,2,2,337,COMPLETE
818,333.21141496841324,2024-04-05 01:13:22.658256,2024-04-05 01:18:10.524310,0 days 00:04:47.866054,True,32,2,2,338,COMPLETE
819,332.58034656980215,2024-04-05 01:13:45.908294,2024-04-05 01:18:32.249438,0 days 00:04:46.341144,True,22,2,2,339,COMPLETE
820,333.0365183316156,2024-04-05 01:14:19.129010,2024-04-05 01:17:12.201313,0 days 00:02:53.072303,True,32,2,2,200,COMPLETE
821,333.1845462309729,2024-04-05 01:15:19.349691,2024-04-05 01:20:08.850958,0 days 00:04:49.501267,True,32,2,2,338,COMPLETE
822,333.39416581536244,2024-04-05 01:15:45.918188,2024-04-05 01:19:55.079551,0 days 00:04:09.161363,True,27,2,2,295,COMPLETE
823,332.6982680168959,2024-04-05 01:16:06.084589,2024-04-05 01:20:17.490921,0 days 00:04:11.406332,True,32,2,2,294,COMPLETE
824,334.1349884043767,2024-04-05 01:16:07.713176,2024-04-05 01:20:03.465014,0 days 00:03:55.751838,True,32,3,2,297,COMPLETE
825,333.62471231423916,2024-04-05 01:16:12.176593,2024-04-05 01:20:33.272826,0 days 00:04:21.096233,True,32,3,2,328,COMPLETE
826,333.5647799018435,2024-04-05 01:16:21.328933,2024-04-05 01:20:39.152825,0 days 00:04:17.823892,True,27,3,2,328,COMPLETE
827,333.6628235654945,2024-04-05 01:16:30.341985,2024-04-05 01:20:20.959822,0 days 00:03:50.617837,True,37,3,2,297,COMPLETE
828,333.9072339394142,2024-04-05 01:17:12.205312,2024-04-05 01:21:29.713026,0 days 00:04:17.507714,True,30,3,2,328,COMPLETE
829,334.2126144182758,2024-04-05 01:18:03.346417,2024-04-05 01:21:28.298650,0 days 00:03:24.952233,True,30,2,2,236,COMPLETE
830,333.5095569774479,2024-04-05 01:18:10.528316,2024-04-05 01:22:43.548511,0 days 00:04:33.020195,True,25,2,2,324,COMPLETE
831,333.16069155595613,2024-04-05 01:18:14.943983,2024-04-05 01:22:10.316382,0 days 00:03:55.372399,True,25,3,2,296,COMPLETE
832,332.4136517032064,2024-04-05 01:18:32.255439,2024-04-05 01:23:12.272333,0 days 00:04:40.016894,True,25,2,2,327,COMPLETE
833,333.2296811635425,2024-04-05 01:19:55.085066,2024-04-05 01:23:23.137700,0 days 00:03:28.052634,True,37,2,2,236,COMPLETE
834,332.8623183856986,2024-04-05 01:20:03.468020,2024-04-05 01:24:35.149886,0 days 00:04:31.681866,True,30,2,5,324,COMPLETE
835,332.5615335796898,2024-04-05 01:20:08.853961,2024-04-05 01:24:53.289069,0 days 00:04:44.435108,True,38,2,2,326,COMPLETE
836,332.68418395867104,2024-04-05 01:20:17.496426,2024-04-05 01:25:00.105512,0 days 00:04:42.609086,True,30,2,2,326,COMPLETE
837,333.281835192976,2024-04-05 01:20:20.962822,2024-04-05 01:25:05.375166,0 days 00:04:44.412344,True,30,2,5,328,COMPLETE
838,333.4373939806127,2024-04-05 01:20:33.275344,2024-04-05 01:25:11.469545,0 days 00:04:38.194201,True,30,2,2,326,COMPLETE
839,332.3189620686052,2024-04-05 01:20:39.157338,2024-04-05 01:25:14.974650,0 days 00:04:35.817312,True,30,2,2,324,COMPLETE
840,332.5794140086021,2024-04-05 01:21:28.302653,2024-04-05 01:26:06.737710,0 days 00:04:38.435057,True,25,2,2,323,COMPLETE
841,332.63113549109937,2024-04-05 01:21:29.716544,2024-04-05 01:26:23.814445,0 days 00:04:54.097901,True,39,2,2,342,COMPLETE
842,333.27822164933315,2024-04-05 01:22:10.319383,2024-04-05 01:25:35.709091,0 days 00:03:25.389708,True,20,2,2,249,COMPLETE
843,333.26581026588804,2024-04-05 01:22:43.556513,2024-04-05 01:26:35.031108,0 days 00:03:51.474595,True,39,2,5,266,COMPLETE
844,333.13648979259705,2024-04-05 01:23:12.279847,2024-04-05 01:28:08.681442,0 days 00:04:56.401595,True,38,2,2,344,COMPLETE
845,333.80463606486165,2024-04-05 01:23:23.144215,2024-04-05 01:26:57.782313,0 days 00:03:34.638098,True,39,2,2,248,COMPLETE
846,333.63630508713857,2024-04-05 01:24:35.180901,2024-04-05 01:30:23.238797,0 days 00:05:48.057896,True,31,1,2,342,COMPLETE
847,332.82553248988944,2024-04-05 01:24:53.293578,2024-04-05 01:29:56.262872,0 days 00:05:02.969294,True,31,2,2,343,COMPLETE
848,332.7762354757207,2024-04-05 01:25:00.111022,2024-04-05 01:28:57.111329,0 days 00:03:57.000307,True,31,2,2,266,COMPLETE
849,332.73974078184995,2024-04-05 01:25:05.381172,2024-04-05 01:28:48.831724,0 days 00:03:43.450552,True,39,2,2,248,COMPLETE
850,332.60498742755317,2024-04-05 01:25:11.474593,2024-04-05 01:30:12.331606,0 days 00:05:00.857013,True,31,2,2,342,COMPLETE
851,333.0408533009486,2024-04-05 01:25:14.981656,2024-04-05 01:29:55.812836,0 days 00:04:40.831180,True,31,2,2,322,COMPLETE
852,332.4197212315712,2024-04-05 01:25:35.713594,2024-04-05 01:30:17.901811,0 days 00:04:42.188217,True,31,2,2,321,COMPLETE
853,332.7237168720002,2024-04-05 01:26:06.743222,2024-04-05 01:30:50.668447,0 days 00:04:43.925225,True,31,2,2,320,COMPLETE
854,334.51833750891734,2024-04-05 01:26:23.820387,2024-04-05 01:31:14.948252,0 days 00:04:51.127865,True,31,1,6,322,COMPLETE
855,333.0452077879401,2024-04-05 01:26:35.042128,2024-04-05 01:31:06.515848,0 days 00:04:31.473720,True,31,2,2,321,COMPLETE
856,333.8481990026585,2024-04-05 01:26:57.785823,2024-04-05 01:31:48.888451,0 days 00:04:51.102628,True,30,1,6,320,COMPLETE
857,334.5866532536442,2024-04-05 01:28:08.684444,2024-04-05 01:32:01.612699,0 days 00:03:52.928255,True,30,5,2,319,COMPLETE
858,332.96621367068883,2024-04-05 01:28:48.835727,2024-04-05 01:33:22.920427,0 days 00:04:34.084700,True,30,2,2,319,COMPLETE
859,333.32651122778117,2024-04-05 01:28:57.114899,2024-04-05 01:33:35.948603,0 days 00:04:38.833704,True,30,2,2,320,COMPLETE
860,333.44126016058834,2024-04-05 01:29:55.820361,2024-04-05 01:35:12.805087,0 days 00:05:16.984726,True,30,1,2,319,COMPLETE
861,334.97641218358683,2024-04-05 01:29:56.266385,2024-04-05 01:33:50.275945,0 days 00:03:54.009560,True,30,5,2,321,COMPLETE
862,333.3973447678542,2024-04-05 01:30:12.336110,2024-04-05 01:35:06.721596,0 days 00:04:54.385486,True,30,1,6,332,COMPLETE
863,333.299842845464,2024-04-05 01:30:17.907321,2024-04-05 01:35:03.965084,0 days 00:04:46.057763,True,30,2,2,333,COMPLETE
864,333.1153081584945,2024-04-05 01:30:23.242796,2024-04-05 01:34:56.956635,0 days 00:04:33.713839,True,30,2,2,320,COMPLETE
865,332.82242185322355,2024-04-05 01:30:50.672447,2024-04-05 01:35:28.353783,0 days 00:04:37.681336,True,30,2,2,320,COMPLETE
866,332.58469335033595,2024-04-05 01:31:06.519854,2024-04-05 01:35:49.151385,0 days 00:04:42.631531,True,30,2,2,329,COMPLETE
867,332.7815853851378,2024-04-05 01:31:14.952767,2024-04-05 01:36:00.239032,0 days 00:04:45.286265,True,30,2,2,334,COMPLETE
868,332.78830679023275,2024-04-05 01:31:48.892962,2024-04-05 01:36:37.109999,0 days 00:04:48.217037,True,30,2,2,333,COMPLETE
869,333.1187548142775,2024-04-05 01:32:01.615696,2024-04-05 01:36:49.831178,0 days 00:04:48.215482,True,30,2,2,333,COMPLETE
870,332.43912074926163,2024-04-05 01:33:22.925934,2024-04-05 01:38:12.611190,0 days 00:04:49.685256,True,30,2,2,333,COMPLETE
871,333.45334338853667,2024-04-05 01:33:35.952601,2024-04-05 01:38:29.281515,0 days 00:04:53.328914,True,30,2,2,333,COMPLETE
872,332.7728214262573,2024-04-05 01:33:50.280456,2024-04-05 01:38:35.156737,0 days 00:04:44.876281,True,30,2,2,332,COMPLETE
873,332.7201594608893,2024-04-05 01:34:56.959635,2024-04-05 01:39:42.557825,0 days 00:04:45.598190,True,30,2,2,329,COMPLETE
874,332.99560037259255,2024-04-05 01:35:03.969595,2024-04-05 01:39:50.467159,0 days 00:04:46.497564,True,29,2,2,330,COMPLETE
